mode: set
github.com/Sameetpatro/NimbusFS/distributed-storage/internal/config/config.go:75.47,90.16 3 1
github.com/Sameetpatro/NimbusFS/distributed-storage/internal/config/config.go:90.16,92.3 1 1
github.com/Sameetpatro/NimbusFS/distributed-storage/internal/config/config.go:94.2,94.50 1 1
github.com/Sameetpatro/NimbusFS/distributed-storage/internal/config/config.go:94.50,96.3 1 0
github.com/Sameetpatro/NimbusFS/distributed-storage/internal/config/config.go:98.2,100.17 3 1
github.com/Sameetpatro/NimbusFS/distributed-storage/internal/config/config.go:103.36,104.31 1 1
github.com/Sameetpatro/NimbusFS/distributed-storage/internal/config/config.go:104.31,106.3 1 0
github.com/Sameetpatro/NimbusFS/distributed-storage/internal/config/config.go:107.2,107.33 1 1
github.com/Sameetpatro/NimbusFS/distributed-storage/internal/config/config.go:107.33,109.3 1 0
github.com/Sameetpatro/NimbusFS/distributed-storage/internal/config/config.go:110.2,110.30 1 1
github.com/Sameetpatro/NimbusFS/distributed-storage/internal/config/config.go:110.30,112.3 1 0
github.com/Sameetpatro/NimbusFS/distributed-storage/internal/config/config.go:113.2,113.33 1 1
github.com/Sameetpatro/NimbusFS/distributed-storage/internal/config/config.go:113.33,115.3 1 0
github.com/Sameetpatro/NimbusFS/distributed-storage/internal/config/config.go:118.37,119.44 1 1
github.com/Sameetpatro/NimbusFS/distributed-storage/internal/config/config.go:119.44,121.3 1 0
github.com/Sameetpatro/NimbusFS/distributed-storage/internal/config/config.go:122.2,122.44 1 1
github.com/Sameetpatro/NimbusFS/distributed-storage/internal/config/config.go:122.44,123.44 1 0
github.com/Sameetpatro/NimbusFS/distributed-storage/internal/config/config.go:123.44,125.4 1 0
github.com/Sameetpatro/NimbusFS/distributed-storage/internal/config/config.go:127.2,127.49 1 1
github.com/Sameetpatro/NimbusFS/distributed-storage/internal/config/config.go:127.49,128.44 1 0
github.com/Sameetpatro/NimbusFS/distributed-storage/internal/config/config.go:128.44,130.4 1 0
github.com/Sameetpatro/NimbusFS/distributed-storage/internal/config/config.go:132.2,132.48 1 1
github.com/Sameetpatro/NimbusFS/distributed-storage/internal/config/config.go:132.48,134.3 1 0
github.com/Sameetpatro/NimbusFS/distributed-storage/internal/config/config.go:135.2,135.59 1 1
github.com/Sameetpatro/NimbusFS/distributed-storage/internal/config/config.go:135.59,136.44 1 0
github.com/Sameetpatro/NimbusFS/distributed-storage/internal/config/config.go:136.44,138.4 1 0
github.com/Sameetpatro/NimbusFS/distributed-storage/internal/config/config.go:140.2,140.54 1 1
github.com/Sameetpatro/NimbusFS/distributed-storage/internal/config/config.go:140.54,141.44 1 0
github.com/Sameetpatro/NimbusFS/distributed-storage/internal/config/config.go:141.44,143.4 1 0
github.com/Sameetpatro/NimbusFS/distributed-storage/internal/config/config.go:145.2,145.49 1 1
github.com/Sameetpatro/NimbusFS/distributed-storage/internal/config/config.go:145.49,147.3 1 0
github.com/Sameetpatro/NimbusFS/distributed-storage/internal/config/config.go:148.2,148.56 1 1
github.com/Sameetpatro/NimbusFS/distributed-storage/internal/config/config.go:148.56,149.44 1 0
github.com/Sameetpatro/NimbusFS/distributed-storage/internal/config/config.go:149.44,151.4 1 0
github.com/Sameetpatro/NimbusFS/distributed-storage/internal/config/config.go:153.2,153.52 1 1
github.com/Sameetpatro/NimbusFS/distributed-storage/internal/config/config.go:153.52,154.44 1 0
github.com/Sameetpatro/NimbusFS/distributed-storage/internal/config/config.go:154.44,156.4 1 0
github.com/Sameetpatro/NimbusFS/distributed-storage/internal/config/config.go:158.2,158.40 1 1
github.com/Sameetpatro/NimbusFS/distributed-storage/internal/config/config.go:158.40,160.3 1 1
github.com/Sameetpatro/NimbusFS/distributed-storage/internal/config/config.go:161.2,161.48 1 1
github.com/Sameetpatro/NimbusFS/distributed-storage/internal/config/config.go:161.48,163.3 1 0
github.com/Sameetpatro/NimbusFS/distributed-storage/internal/config/config.go:164.2,164.52 1 1
github.com/Sameetpatro/NimbusFS/distributed-storage/internal/config/config.go:164.52,166.3 1 0
github.com/Sameetpatro/NimbusFS/distributed-storage/internal/config/config.go:167.2,167.46 1 1
github.com/Sameetpatro/NimbusFS/distributed-storage/internal/config/config.go:167.46,169.3 1 0
github.com/Sameetpatro/NimbusFS/distributed-storage/internal/config/config.go:170.2,170.45 1 1
github.com/Sameetpatro/NimbusFS/distributed-storage/internal/config/config.go:170.45,171.44 1 0
github.com/Sameetpatro/NimbusFS/distributed-storage/internal/config/config.go:171.44,173.4 1 0
github.com/Sameetpatro/NimbusFS/distributed-storage/internal/config/config.go:175.2,175.42 1 1
github.com/Sameetpatro/NimbusFS/distributed-storage/internal/config/config.go:175.42,177.3 1 1
github.com/Sameetpatro/NimbusFS/distributed-storage/internal/config/config.go:178.2,178.49 1 1
github.com/Sameetpatro/NimbusFS/distributed-storage/internal/config/config.go:178.49,180.3 1 0
github.com/Sameetpatro/NimbusFS/distributed-storage/internal/config/config.go:181.2,181.50 1 1
github.com/Sameetpatro/NimbusFS/distributed-storage/internal/config/config.go:181.50,183.3 1 0
github.com/Sameetpatro/NimbusFS/distributed-storage/internal/config/config.go:184.2,184.44 1 1
github.com/Sameetpatro/NimbusFS/distributed-storage/internal/config/config.go:184.44,186.3 1 0
github.com/Sameetpatro/NimbusFS/distributed-storage/internal/config/config.go:187.2,187.46 1 1
github.com/Sameetpatro/NimbusFS/distributed-storage/internal/config/config.go:187.46,189.3 1 0
github.com/Sameetpatro/NimbusFS/distributed-storage/internal/config/config.go:190.2,190.45 1 1
github.com/Sameetpatro/NimbusFS/distributed-storage/internal/config/config.go:190.45,192.3 1 0
github.com/Sameetpatro/NimbusFS/distributed-storage/internal/config/config.go:195.41,197.2 1 1
github.com/Sameetpatro/NimbusFS/distributed-storage/internal/config/config.go:199.41,201.2 1 0
github.com/Sameetpatro/NimbusFS/distributed-storage/internal/config/config.go:203.42,205.2 1 0
github.com/Sameetpatro/NimbusFS/distributed-storage/internal/config/config.go:207.48,209.2 1 0
github.com/Sameetpatro/NimbusFS/distributed-storage/internal/config/config.go:211.42,212.29 1 0
github.com/Sameetpatro/NimbusFS/distributed-storage/internal/config/config.go:212.29,214.3 1 0
github.com/Sameetpatro/NimbusFS/distributed-storage/internal/config/config.go:215.2,215.63 1 0
github.com/Sameetpatro/NimbusFS/distributed-storage/internal/config/config.go:218.60,219.32 1 0
github.com/Sameetpatro/NimbusFS/distributed-storage/internal/config/config.go:219.32,221.3 1 0
github.com/Sameetpatro/NimbusFS/distributed-storage/internal/config/config.go:222.2,222.44 1 0
github.com/Sameetpatro/NimbusFS/distributed-storage/internal/api/delete.go:19.98,21.2 1 1
github.com/Sameetpatro/NimbusFS/distributed-storage/internal/api/delete.go:24.74,26.16 2 1
github.com/Sameetpatro/NimbusFS/distributed-storage/internal/api/delete.go:26.16,28.3 1 0
github.com/Sameetpatro/NimbusFS/distributed-storage/internal/api/delete.go:30.2,30.36 1 1
github.com/Sameetpatro/NimbusFS/distributed-storage/internal/api/delete.go:30.36,31.98 1 1
github.com/Sameetpatro/NimbusFS/distributed-storage/internal/api/delete.go:31.98,33.4 1 0
github.com/Sameetpatro/NimbusFS/distributed-storage/internal/api/delete.go:36.2,36.56 1 1
github.com/Sameetpatro/NimbusFS/distributed-storage/internal/api/delete.go:36.56,38.3 1 0
github.com/Sameetpatro/NimbusFS/distributed-storage/internal/api/delete.go:39.2,39.12 1 1
github.com/Sameetpatro/NimbusFS/distributed-storage/internal/api/download.go:23.131,25.2 1 1
github.com/Sameetpatro/NimbusFS/distributed-storage/internal/api/download.go:28.113,30.16 2 1
github.com/Sameetpatro/NimbusFS/distributed-storage/internal/api/download.go:30.16,32.3 1 0
github.com/Sameetpatro/NimbusFS/distributed-storage/internal/api/download.go:34.2,34.35 1 1
github.com/Sameetpatro/NimbusFS/distributed-storage/internal/api/download.go:34.35,36.17 2 1
github.com/Sameetpatro/NimbusFS/distributed-storage/internal/api/download.go:36.17,38.4 1 0
github.com/Sameetpatro/NimbusFS/distributed-storage/internal/api/download.go:41.3,41.42 1 1
github.com/Sameetpatro/NimbusFS/distributed-storage/internal/api/download.go:41.42,43.4 1 0
github.com/Sameetpatro/NimbusFS/distributed-storage/internal/api/download.go:46.2,46.18 1 1
github.com/Sameetpatro/NimbusFS/distributed-storage/internal/api/handlers.go:43.13,56.2 2 1
github.com/Sameetpatro/NimbusFS/distributed-storage/internal/api/handlers.go:59.50,61.16 2 1
github.com/Sameetpatro/NimbusFS/distributed-storage/internal/api/handlers.go:61.16,64.3 2 0
github.com/Sameetpatro/NimbusFS/distributed-storage/internal/api/handlers.go:66.2,67.16 2 1
github.com/Sameetpatro/NimbusFS/distributed-storage/internal/api/handlers.go:67.16,70.3 2 0
github.com/Sameetpatro/NimbusFS/distributed-storage/internal/api/handlers.go:71.2,74.16 3 1
github.com/Sameetpatro/NimbusFS/distributed-storage/internal/api/handlers.go:74.16,75.33 1 0
github.com/Sameetpatro/NimbusFS/distributed-storage/internal/api/handlers.go:75.33,78.4 2 0
github.com/Sameetpatro/NimbusFS/distributed-storage/internal/api/handlers.go:79.3,81.9 3 0
github.com/Sameetpatro/NimbusFS/distributed-storage/internal/api/handlers.go:84.2,85.36 2 1
github.com/Sameetpatro/NimbusFS/distributed-storage/internal/api/handlers.go:89.52,93.16 3 1
github.com/Sameetpatro/NimbusFS/distributed-storage/internal/api/handlers.go:93.16,96.3 2 0
github.com/Sameetpatro/NimbusFS/distributed-storage/internal/api/handlers.go:98.2,104.16 5 1
github.com/Sameetpatro/NimbusFS/distributed-storage/internal/api/handlers.go:104.16,106.26 2 0
github.com/Sameetpatro/NimbusFS/distributed-storage/internal/api/handlers.go:106.26,108.4 1 0
github.com/Sameetpatro/NimbusFS/distributed-storage/internal/api/handlers.go:109.3,109.9 1 0
github.com/Sameetpatro/NimbusFS/distributed-storage/internal/api/handlers.go:111.2,111.41 1 1
github.com/Sameetpatro/NimbusFS/distributed-storage/internal/api/handlers.go:115.54,117.69 2 1
github.com/Sameetpatro/NimbusFS/distributed-storage/internal/api/handlers.go:117.69,118.48 1 0
github.com/Sameetpatro/NimbusFS/distributed-storage/internal/api/handlers.go:118.48,121.4 2 0
github.com/Sameetpatro/NimbusFS/distributed-storage/internal/api/handlers.go:122.3,124.9 3 0
github.com/Sameetpatro/NimbusFS/distributed-storage/internal/api/handlers.go:126.2,127.52 2 1
github.com/Sameetpatro/NimbusFS/distributed-storage/internal/api/handlers.go:131.53,134.14 3 1
github.com/Sameetpatro/NimbusFS/distributed-storage/internal/api/handlers.go:134.14,136.3 1 0
github.com/Sameetpatro/NimbusFS/distributed-storage/internal/api/handlers.go:137.2,137.15 1 1
github.com/Sameetpatro/NimbusFS/distributed-storage/internal/api/handlers.go:137.15,139.3 1 0
github.com/Sameetpatro/NimbusFS/distributed-storage/internal/api/handlers.go:141.2,142.16 2 1
github.com/Sameetpatro/NimbusFS/distributed-storage/internal/api/handlers.go:142.16,146.3 3 0
github.com/Sameetpatro/NimbusFS/distributed-storage/internal/api/handlers.go:148.2,150.19 3 1
github.com/Sameetpatro/NimbusFS/distributed-storage/internal/api/handlers.go:150.19,152.3 1 0
github.com/Sameetpatro/NimbusFS/distributed-storage/internal/api/handlers.go:153.2,154.17 2 1
github.com/Sameetpatro/NimbusFS/distributed-storage/internal/api/handlers.go:154.17,156.3 1 1
github.com/Sameetpatro/NimbusFS/distributed-storage/internal/api/handlers.go:158.2,162.4 1 1
github.com/Sameetpatro/NimbusFS/distributed-storage/internal/api/handlers.go:166.57,170.26 4 1
github.com/Sameetpatro/NimbusFS/distributed-storage/internal/api/handlers.go:170.26,173.35 3 1
github.com/Sameetpatro/NimbusFS/distributed-storage/internal/api/handlers.go:173.35,175.4 1 1
github.com/Sameetpatro/NimbusFS/distributed-storage/internal/api/handlers.go:178.2,187.4 3 1
github.com/Sameetpatro/NimbusFS/distributed-storage/internal/api/handlers.go:191.50,193.2 1 1
github.com/Sameetpatro/NimbusFS/distributed-storage/internal/api/router.go:24.15,44.2 15 1
github.com/Sameetpatro/NimbusFS/distributed-storage/internal/api/router.go:44.2,49.3 4 1
github.com/Sameetpatro/NimbusFS/distributed-storage/internal/api/router.go:51.2,51.10 1 1
github.com/Sameetpatro/NimbusFS/distributed-storage/internal/api/upload.go:30.187,39.2 1 1
github.com/Sameetpatro/NimbusFS/distributed-storage/internal/api/upload.go:50.106,60.30 6 1
github.com/Sameetpatro/NimbusFS/distributed-storage/internal/api/upload.go:60.30,63.17 2 1
github.com/Sameetpatro/NimbusFS/distributed-storage/internal/api/upload.go:63.17,65.4 1 0
github.com/Sameetpatro/NimbusFS/distributed-storage/internal/api/upload.go:67.3,73.38 2 1
github.com/Sameetpatro/NimbusFS/distributed-storage/internal/api/upload.go:76.2,76.32 1 1
github.com/Sameetpatro/NimbusFS/distributed-storage/internal/api/upload.go:76.32,78.3 1 0
github.com/Sameetpatro/NimbusFS/distributed-storage/internal/api/upload.go:80.2,91.52 2 1
github.com/Sameetpatro/NimbusFS/distributed-storage/internal/api/upload.go:91.52,93.3 1 0
github.com/Sameetpatro/NimbusFS/distributed-storage/internal/api/upload.go:95.2,100.8 1 1
github.com/Sameetpatro/NimbusFS/distributed-storage/internal/api/upload.go:104.44,106.2 1 0
github.com/Sameetpatro/NimbusFS/distributed-storage/internal/api/middleware/auth.go:15.51,17.30 2 1
github.com/Sameetpatro/NimbusFS/distributed-storage/internal/api/middleware/auth.go:17.30,19.18 2 0
github.com/Sameetpatro/NimbusFS/distributed-storage/internal/api/middleware/auth.go:19.18,22.4 2 0
github.com/Sameetpatro/NimbusFS/distributed-storage/internal/api/middleware/auth.go:23.3,24.17 2 0
github.com/Sameetpatro/NimbusFS/distributed-storage/internal/api/middleware/auth.go:24.17,27.4 2 0
github.com/Sameetpatro/NimbusFS/distributed-storage/internal/api/middleware/auth.go:28.3,29.11 2 0
github.com/Sameetpatro/NimbusFS/distributed-storage/internal/api/middleware/auth.go:34.74,36.30 2 1
github.com/Sameetpatro/NimbusFS/distributed-storage/internal/api/middleware/auth.go:36.30,38.3 1 1
github.com/Sameetpatro/NimbusFS/distributed-storage/internal/api/middleware/auth.go:39.2,39.30 1 1
github.com/Sameetpatro/NimbusFS/distributed-storage/internal/api/middleware/auth.go:39.30,41.16 2 1
github.com/Sameetpatro/NimbusFS/distributed-storage/internal/api/middleware/auth.go:41.16,44.4 2 0
github.com/Sameetpatro/NimbusFS/distributed-storage/internal/api/middleware/auth.go:45.3,45.33 1 1
github.com/Sameetpatro/NimbusFS/distributed-storage/internal/api/middleware/auth.go:45.33,48.4 2 0
github.com/Sameetpatro/NimbusFS/distributed-storage/internal/api/middleware/auth.go:49.3,50.11 2 1
github.com/Sameetpatro/NimbusFS/distributed-storage/internal/api/middleware/auth.go:55.87,58.30 3 1
github.com/Sameetpatro/NimbusFS/distributed-storage/internal/api/middleware/auth.go:58.30,59.65 1 1
github.com/Sameetpatro/NimbusFS/distributed-storage/internal/api/middleware/auth.go:59.65,62.4 2 0
github.com/Sameetpatro/NimbusFS/distributed-storage/internal/api/middleware/auth.go:63.3,63.32 1 1
github.com/Sameetpatro/NimbusFS/distributed-storage/internal/api/middleware/auth.go:63.32,66.4 2 1
github.com/Sameetpatro/NimbusFS/distributed-storage/internal/api/middleware/auth.go:67.3,67.92 1 1
github.com/Sameetpatro/NimbusFS/distributed-storage/internal/api/middleware/auth.go:71.37,72.38 1 0
github.com/Sameetpatro/NimbusFS/distributed-storage/internal/api/middleware/auth.go:72.38,74.3 1 0
github.com/Sameetpatro/NimbusFS/distributed-storage/internal/api/middleware/auth.go:75.2,75.60 1 0
github.com/Sameetpatro/NimbusFS/distributed-storage/internal/api/middleware/ratelimit.go:21.50,27.2 1 1
github.com/Sameetpatro/NimbusFS/distributed-storage/internal/api/middleware/ratelimit.go:29.60,30.38 1 1
github.com/Sameetpatro/NimbusFS/distributed-storage/internal/api/middleware/ratelimit.go:30.38,32.3 1 1
github.com/Sameetpatro/NimbusFS/distributed-storage/internal/api/middleware/ratelimit.go:33.2,35.31 3 1
github.com/Sameetpatro/NimbusFS/distributed-storage/internal/api/middleware/ratelimit.go:39.53,40.30 1 1
github.com/Sameetpatro/NimbusFS/distributed-storage/internal/api/middleware/ratelimit.go:40.30,42.33 2 1
github.com/Sameetpatro/NimbusFS/distributed-storage/internal/api/middleware/ratelimit.go:42.33,45.4 2 1
github.com/Sameetpatro/NimbusFS/distributed-storage/internal/api/middleware/ratelimit.go:46.3,46.11 1 1
github.com/Sameetpatro/NimbusFS/distributed-storage/internal/api/middleware/ratelimit.go:51.61,53.2 1 1
github.com/Sameetpatro/NimbusFS/distributed-storage/internal/api/middleware/security.go:11.40,12.30 1 1
github.com/Sameetpatro/NimbusFS/distributed-storage/internal/api/middleware/security.go:12.30,18.3 5 1
github.com/Sameetpatro/NimbusFS/distributed-storage/internal/api/middleware/security.go:22.50,23.30 1 1
github.com/Sameetpatro/NimbusFS/distributed-storage/internal/api/middleware/security.go:23.30,24.41 1 1
github.com/Sameetpatro/NimbusFS/distributed-storage/internal/api/middleware/security.go:24.41,27.4 2 0
github.com/Sameetpatro/NimbusFS/distributed-storage/internal/api/middleware/security.go:28.3,29.11 2 1
github.com/Sameetpatro/NimbusFS/distributed-storage/internal/api/middleware/security.go:34.36,36.2 1 1
github.com/Sameetpatro/NimbusFS/distributed-storage/internal/auth/auth.go:19.53,24.2 1 1
github.com/Sameetpatro/NimbusFS/distributed-storage/internal/auth/auth.go:27.75,28.79 1 1
github.com/Sameetpatro/NimbusFS/distributed-storage/internal/auth/auth.go:28.79,30.54 1 1
github.com/Sameetpatro/NimbusFS/distributed-storage/internal/auth/auth.go:30.54,32.4 1 0
github.com/Sameetpatro/NimbusFS/distributed-storage/internal/auth/auth.go:33.3,33.23 1 1
github.com/Sameetpatro/NimbusFS/distributed-storage/internal/auth/auth.go:35.2,35.16 1 1
github.com/Sameetpatro/NimbusFS/distributed-storage/internal/auth/auth.go:35.16,37.3 1 0
github.com/Sameetpatro/NimbusFS/distributed-storage/internal/auth/auth.go:38.2,39.25 2 1
github.com/Sameetpatro/NimbusFS/distributed-storage/internal/auth/auth.go:39.25,41.3 1 0
github.com/Sameetpatro/NimbusFS/distributed-storage/internal/auth/auth.go:42.2,42.20 1 1
github.com/Sameetpatro/NimbusFS/distributed-storage/internal/auth/auth.go:46.83,53.2 3 1
github.com/Sameetpatro/NimbusFS/distributed-storage/internal/auth/auth.go:56.62,58.31 2 0
github.com/Sameetpatro/NimbusFS/distributed-storage/internal/auth/auth.go:58.31,59.36 1 0
github.com/Sameetpatro/NimbusFS/distributed-storage/internal/auth/auth.go:59.36,61.4 1 0
github.com/Sameetpatro/NimbusFS/distributed-storage/internal/auth/auth.go:63.2,63.18 1 0
github.com/Sameetpatro/NimbusFS/distributed-storage/internal/auth/config.go:6.56,8.2 1 1
github.com/Sameetpatro/NimbusFS/distributed-storage/internal/chunking/chunker.go:20.41,22.2 1 1
github.com/Sameetpatro/NimbusFS/distributed-storage/internal/chunking/chunker.go:26.111,30.12 3 1
github.com/Sameetpatro/NimbusFS/distributed-storage/internal/chunking/chunker.go:30.12,37.7 5 1
github.com/Sameetpatro/NimbusFS/distributed-storage/internal/chunking/chunker.go:37.7,38.36 1 1
github.com/Sameetpatro/NimbusFS/distributed-storage/internal/chunking/chunker.go:38.36,41.5 2 1
github.com/Sameetpatro/NimbusFS/distributed-storage/internal/chunking/chunker.go:43.4,44.51 2 1
github.com/Sameetpatro/NimbusFS/distributed-storage/internal/chunking/chunker.go:44.51,45.15 1 1
github.com/Sameetpatro/NimbusFS/distributed-storage/internal/chunking/chunker.go:45.15,47.6 1 1
github.com/Sameetpatro/NimbusFS/distributed-storage/internal/chunking/chunker.go:48.10,48.25 1 1
github.com/Sameetpatro/NimbusFS/distributed-storage/internal/chunking/chunker.go:48.25,51.5 2 1
github.com/Sameetpatro/NimbusFS/distributed-storage/internal/chunking/chunker.go:53.4,59.11 5 1
github.com/Sameetpatro/NimbusFS/distributed-storage/internal/chunking/chunker.go:66.6,66.6 0 1
github.com/Sameetpatro/NimbusFS/distributed-storage/internal/chunking/chunker.go:67.22,69.11 2 0
github.com/Sameetpatro/NimbusFS/distributed-storage/internal/chunking/chunker.go:72.4,73.51 2 1
github.com/Sameetpatro/NimbusFS/distributed-storage/internal/chunking/chunker.go:73.51,75.5 1 1
github.com/Sameetpatro/NimbusFS/distributed-storage/internal/chunking/chunker.go:79.2,79.19 1 1
github.com/Sameetpatro/NimbusFS/distributed-storage/internal/chunking/chunker.go:83.84,89.30 5 1
github.com/Sameetpatro/NimbusFS/distributed-storage/internal/chunking/chunker.go:89.30,92.3 2 1
github.com/Sameetpatro/NimbusFS/distributed-storage/internal/chunking/chunker.go:93.2,93.32 1 1
github.com/Sameetpatro/NimbusFS/distributed-storage/internal/chunking/chunker.go:93.32,95.3 1 0
github.com/Sameetpatro/NimbusFS/distributed-storage/internal/chunking/chunker.go:96.2,96.27 1 1
github.com/Sameetpatro/NimbusFS/distributed-storage/internal/chunking/chunker.go:100.48,103.27 3 1
github.com/Sameetpatro/NimbusFS/distributed-storage/internal/chunking/chunker.go:103.27,105.3 1 1
github.com/Sameetpatro/NimbusFS/distributed-storage/internal/chunking/chunker.go:106.2,106.12 1 1
github.com/Sameetpatro/NimbusFS/distributed-storage/internal/chunking/chunker.go:110.62,113.21 3 1
github.com/Sameetpatro/NimbusFS/distributed-storage/internal/chunking/chunker.go:113.21,115.3 1 1
github.com/Sameetpatro/NimbusFS/distributed-storage/internal/chunking/chunker.go:116.2,116.12 1 1
github.com/Sameetpatro/NimbusFS/distributed-storage/internal/config/config.go:75.47,90.16 3 0
github.com/Sameetpatro/NimbusFS/distributed-storage/internal/config/config.go:90.16,92.3 1 0
github.com/Sameetpatro/NimbusFS/distributed-storage/internal/config/config.go:94.2,94.50 1 0
github.com/Sameetpatro/NimbusFS/distributed-storage/internal/config/config.go:94.50,96.3 1 0
github.com/Sameetpatro/NimbusFS/distributed-storage/internal/config/config.go:98.2,100.17 3 0
github.com/Sameetpatro/NimbusFS/distributed-storage/internal/config/config.go:103.36,104.31 1 0
github.com/Sameetpatro/NimbusFS/distributed-storage/internal/config/config.go:104.31,106.3 1 0
github.com/Sameetpatro/NimbusFS/distributed-storage/internal/config/config.go:107.2,107.33 1 0
github.com/Sameetpatro/NimbusFS/distributed-storage/internal/config/config.go:107.33,109.3 1 0
github.com/Sameetpatro/NimbusFS/distributed-storage/internal/config/config.go:110.2,110.30 1 0
github.com/Sameetpatro/NimbusFS/distributed-storage/internal/config/config.go:110.30,112.3 1 0
github.com/Sameetpatro/NimbusFS/distributed-storage/internal/config/config.go:113.2,113.33 1 0
github.com/Sameetpatro/NimbusFS/distributed-storage/internal/config/config.go:113.33,115.3 1 0
github.com/Sameetpatro/NimbusFS/distributed-storage/internal/config/config.go:118.37,119.44 1 0
github.com/Sameetpatro/NimbusFS/distributed-storage/internal/config/config.go:119.44,121.3 1 0
github.com/Sameetpatro/NimbusFS/distributed-storage/internal/config/config.go:122.2,122.44 1 0
github.com/Sameetpatro/NimbusFS/distributed-storage/internal/config/config.go:122.44,123.44 1 0
github.com/Sameetpatro/NimbusFS/distributed-storage/internal/config/config.go:123.44,125.4 1 0
github.com/Sameetpatro/NimbusFS/distributed-storage/internal/config/config.go:127.2,127.49 1 0
github.com/Sameetpatro/NimbusFS/distributed-storage/internal/config/config.go:127.49,128.44 1 0
github.com/Sameetpatro/NimbusFS/distributed-storage/internal/config/config.go:128.44,130.4 1 0
github.com/Sameetpatro/NimbusFS/distributed-storage/internal/config/config.go:132.2,132.48 1 0
github.com/Sameetpatro/NimbusFS/distributed-storage/internal/config/config.go:132.48,134.3 1 0
github.com/Sameetpatro/NimbusFS/distributed-storage/internal/config/config.go:135.2,135.59 1 0
github.com/Sameetpatro/NimbusFS/distributed-storage/internal/config/config.go:135.59,136.44 1 0
github.com/Sameetpatro/NimbusFS/distributed-storage/internal/config/config.go:136.44,138.4 1 0
github.com/Sameetpatro/NimbusFS/distributed-storage/internal/config/config.go:140.2,140.54 1 0
github.com/Sameetpatro/NimbusFS/distributed-storage/internal/config/config.go:140.54,141.44 1 0
github.com/Sameetpatro/NimbusFS/distributed-storage/internal/config/config.go:141.44,143.4 1 0
github.com/Sameetpatro/NimbusFS/distributed-storage/internal/config/config.go:145.2,145.49 1 0
github.com/Sameetpatro/NimbusFS/distributed-storage/internal/config/config.go:145.49,147.3 1 0
github.com/Sameetpatro/NimbusFS/distributed-storage/internal/config/config.go:148.2,148.56 1 0
github.com/Sameetpatro/NimbusFS/distributed-storage/internal/config/config.go:148.56,149.44 1 0
github.com/Sameetpatro/NimbusFS/distributed-storage/internal/config/config.go:149.44,151.4 1 0
github.com/Sameetpatro/NimbusFS/distributed-storage/internal/config/config.go:153.2,153.52 1 0
github.com/Sameetpatro/NimbusFS/distributed-storage/internal/config/config.go:153.52,154.44 1 0
github.com/Sameetpatro/NimbusFS/distributed-storage/internal/config/config.go:154.44,156.4 1 0
github.com/Sameetpatro/NimbusFS/distributed-storage/internal/config/config.go:158.2,158.40 1 0
github.com/Sameetpatro/NimbusFS/distributed-storage/internal/config/config.go:158.40,160.3 1 0
github.com/Sameetpatro/NimbusFS/distributed-storage/internal/config/config.go:161.2,161.48 1 0
github.com/Sameetpatro/NimbusFS/distributed-storage/internal/config/config.go:161.48,163.3 1 0
github.com/Sameetpatro/NimbusFS/distributed-storage/internal/config/config.go:164.2,164.52 1 0
github.com/Sameetpatro/NimbusFS/distributed-storage/internal/config/config.go:164.52,166.3 1 0
github.com/Sameetpatro/NimbusFS/distributed-storage/internal/config/config.go:167.2,167.46 1 0
github.com/Sameetpatro/NimbusFS/distributed-storage/internal/config/config.go:167.46,169.3 1 0
github.com/Sameetpatro/NimbusFS/distributed-storage/internal/config/config.go:170.2,170.45 1 0
github.com/Sameetpatro/NimbusFS/distributed-storage/internal/config/config.go:170.45,171.44 1 0
github.com/Sameetpatro/NimbusFS/distributed-storage/internal/config/config.go:171.44,173.4 1 0
github.com/Sameetpatro/NimbusFS/distributed-storage/internal/config/config.go:175.2,175.42 1 0
github.com/Sameetpatro/NimbusFS/distributed-storage/internal/config/config.go:175.42,177.3 1 0
github.com/Sameetpatro/NimbusFS/distributed-storage/internal/config/config.go:178.2,178.49 1 0
github.com/Sameetpatro/NimbusFS/distributed-storage/internal/config/config.go:178.49,180.3 1 0
github.com/Sameetpatro/NimbusFS/distributed-storage/internal/config/config.go:181.2,181.50 1 0
github.com/Sameetpatro/NimbusFS/distributed-storage/internal/config/config.go:181.50,183.3 1 0
github.com/Sameetpatro/NimbusFS/distributed-storage/internal/config/config.go:184.2,184.44 1 0
github.com/Sameetpatro/NimbusFS/distributed-storage/internal/config/config.go:184.44,186.3 1 0
github.com/Sameetpatro/NimbusFS/distributed-storage/internal/config/config.go:187.2,187.46 1 0
github.com/Sameetpatro/NimbusFS/distributed-storage/internal/config/config.go:187.46,189.3 1 0
github.com/Sameetpatro/NimbusFS/distributed-storage/internal/config/config.go:190.2,190.45 1 0
github.com/Sameetpatro/NimbusFS/distributed-storage/internal/config/config.go:190.45,192.3 1 0
github.com/Sameetpatro/NimbusFS/distributed-storage/internal/config/config.go:195.41,197.2 1 1
github.com/Sameetpatro/NimbusFS/distributed-storage/internal/config/config.go:199.41,201.2 1 1
github.com/Sameetpatro/NimbusFS/distributed-storage/internal/config/config.go:203.42,205.2 1 0
github.com/Sameetpatro/NimbusFS/distributed-storage/internal/config/config.go:207.48,209.2 1 0
github.com/Sameetpatro/NimbusFS/distributed-storage/internal/config/config.go:211.42,212.29 1 0
github.com/Sameetpatro/NimbusFS/distributed-storage/internal/config/config.go:212.29,214.3 1 0
github.com/Sameetpatro/NimbusFS/distributed-storage/internal/config/config.go:215.2,215.63 1 0
github.com/Sameetpatro/NimbusFS/distributed-storage/internal/config/config.go:218.60,219.32 1 0
github.com/Sameetpatro/NimbusFS/distributed-storage/internal/config/config.go:219.32,221.3 1 0
github.com/Sameetpatro/NimbusFS/distributed-storage/internal/config/config.go:222.2,222.44 1 0
github.com/Sameetpatro/NimbusFS/distributed-storage/internal/domain/node.go:21.37,22.11 1 1
github.com/Sameetpatro/NimbusFS/distributed-storage/internal/domain/node.go:23.23,24.17 1 1
github.com/Sameetpatro/NimbusFS/distributed-storage/internal/domain/node.go:25.25,26.19 1 0
github.com/Sameetpatro/NimbusFS/distributed-storage/internal/domain/node.go:27.22,28.16 1 0
github.com/Sameetpatro/NimbusFS/distributed-storage/internal/domain/node.go:29.10,30.19 1 0
github.com/Sameetpatro/NimbusFS/distributed-storage/internal/grpcserver/client.go:21.69,27.2 1 1
github.com/Sameetpatro/NimbusFS/distributed-storage/internal/grpcserver/client.go:30.96,34.8 4 1
github.com/Sameetpatro/NimbusFS/distributed-storage/internal/grpcserver/client.go:34.8,36.3 1 1
github.com/Sameetpatro/NimbusFS/distributed-storage/internal/grpcserver/client.go:38.2,41.36 3 1
github.com/Sameetpatro/NimbusFS/distributed-storage/internal/grpcserver/client.go:41.36,43.3 1 0
github.com/Sameetpatro/NimbusFS/distributed-storage/internal/grpcserver/client.go:45.2,47.16 3 1
github.com/Sameetpatro/NimbusFS/distributed-storage/internal/grpcserver/client.go:47.16,49.3 1 0
github.com/Sameetpatro/NimbusFS/distributed-storage/internal/grpcserver/client.go:50.2,52.53 3 1
github.com/Sameetpatro/NimbusFS/distributed-storage/internal/grpcserver/client.go:56.30,59.32 3 0
github.com/Sameetpatro/NimbusFS/distributed-storage/internal/grpcserver/client.go:59.32,62.3 2 0
github.com/Sameetpatro/NimbusFS/distributed-storage/internal/grpcserver/client.go:66.112,71.16 4 0
github.com/Sameetpatro/NimbusFS/distributed-storage/internal/grpcserver/client.go:71.16,73.3 1 0
github.com/Sameetpatro/NimbusFS/distributed-storage/internal/grpcserver/client.go:74.2,75.18 2 0
github.com/Sameetpatro/NimbusFS/distributed-storage/internal/grpcserver/master_server.go:23.128,25.2 1 1
github.com/Sameetpatro/NimbusFS/distributed-storage/internal/grpcserver/master_server.go:29.137,31.18 2 1
github.com/Sameetpatro/NimbusFS/distributed-storage/internal/grpcserver/master_server.go:31.18,33.3 1 0
github.com/Sameetpatro/NimbusFS/distributed-storage/internal/grpcserver/master_server.go:35.2,46.19 4 1
github.com/Sameetpatro/NimbusFS/distributed-storage/internal/grpcserver/master_server.go:46.19,47.52 1 1
github.com/Sameetpatro/NimbusFS/distributed-storage/internal/grpcserver/master_server.go:47.52,49.4 1 0
github.com/Sameetpatro/NimbusFS/distributed-storage/internal/grpcserver/master_server.go:52.2,56.8 1 1
github.com/Sameetpatro/NimbusFS/distributed-storage/internal/grpcserver/master_server.go:60.128,61.97 1 1
github.com/Sameetpatro/NimbusFS/distributed-storage/internal/grpcserver/master_server.go:61.97,63.3 1 0
github.com/Sameetpatro/NimbusFS/distributed-storage/internal/grpcserver/master_server.go:66.2,66.19 1 1
github.com/Sameetpatro/NimbusFS/distributed-storage/internal/grpcserver/master_server.go:66.19,67.49 1 1
github.com/Sameetpatro/NimbusFS/distributed-storage/internal/grpcserver/master_server.go:67.49,68.53 1 1
github.com/Sameetpatro/NimbusFS/distributed-storage/internal/grpcserver/master_server.go:68.53,70.5 1 0
github.com/Sameetpatro/NimbusFS/distributed-storage/internal/grpcserver/master_server.go:74.2,74.61 1 1
github.com/Sameetpatro/NimbusFS/distributed-storage/internal/grpcserver/master_server.go:78.152,82.2 3 0
github.com/Sameetpatro/NimbusFS/distributed-storage/internal/grpcserver/server.go:21.84,27.2 1 1
github.com/Sameetpatro/NimbusFS/distributed-storage/internal/grpcserver/server.go:30.38,32.2 1 1
github.com/Sameetpatro/NimbusFS/distributed-storage/internal/grpcserver/server.go:35.41,37.16 2 1
github.com/Sameetpatro/NimbusFS/distributed-storage/internal/grpcserver/server.go:37.16,39.3 1 0
github.com/Sameetpatro/NimbusFS/distributed-storage/internal/grpcserver/server.go:40.2,41.32 2 1
github.com/Sameetpatro/NimbusFS/distributed-storage/internal/grpcserver/server.go:45.25,46.23 1 1
github.com/Sameetpatro/NimbusFS/distributed-storage/internal/grpcserver/server.go:46.23,49.3 2 1
github.com/Sameetpatro/NimbusFS/distributed-storage/internal/grpcserver/storage_server.go:28.104,30.2 1 1
github.com/Sameetpatro/NimbusFS/distributed-storage/internal/grpcserver/storage_server.go:34.96,38.6 3 1
github.com/Sameetpatro/NimbusFS/distributed-storage/internal/grpcserver/storage_server.go:38.6,40.20 2 1
github.com/Sameetpatro/NimbusFS/distributed-storage/internal/grpcserver/storage_server.go:40.20,41.9 1 1
github.com/Sameetpatro/NimbusFS/distributed-storage/internal/grpcserver/storage_server.go:43.3,43.17 1 1
github.com/Sameetpatro/NimbusFS/distributed-storage/internal/grpcserver/storage_server.go:43.17,45.4 1 0
github.com/Sameetpatro/NimbusFS/distributed-storage/internal/grpcserver/storage_server.go:47.3,47.34 1 1
github.com/Sameetpatro/NimbusFS/distributed-storage/internal/grpcserver/storage_server.go:48.46,49.21 1 1
github.com/Sameetpatro/NimbusFS/distributed-storage/internal/grpcserver/storage_server.go:50.42,51.34 1 1
github.com/Sameetpatro/NimbusFS/distributed-storage/internal/grpcserver/storage_server.go:55.2,55.17 1 1
github.com/Sameetpatro/NimbusFS/distributed-storage/internal/grpcserver/storage_server.go:55.17,57.3 1 0
github.com/Sameetpatro/NimbusFS/distributed-storage/internal/grpcserver/storage_server.go:59.2,66.26 2 1
github.com/Sameetpatro/NimbusFS/distributed-storage/internal/grpcserver/storage_server.go:66.26,68.3 1 0
github.com/Sameetpatro/NimbusFS/distributed-storage/internal/grpcserver/storage_server.go:70.2,70.50 1 1
github.com/Sameetpatro/NimbusFS/distributed-storage/internal/grpcserver/storage_server.go:70.50,72.3 1 0
github.com/Sameetpatro/NimbusFS/distributed-storage/internal/grpcserver/storage_server.go:74.2,74.74 1 1
github.com/Sameetpatro/NimbusFS/distributed-storage/internal/grpcserver/storage_server.go:79.139,81.16 2 1
github.com/Sameetpatro/NimbusFS/distributed-storage/internal/grpcserver/storage_server.go:81.16,83.3 1 0
github.com/Sameetpatro/NimbusFS/distributed-storage/internal/grpcserver/storage_server.go:85.2,95.17 1 1
github.com/Sameetpatro/NimbusFS/distributed-storage/internal/grpcserver/storage_server.go:95.17,97.3 1 0
github.com/Sameetpatro/NimbusFS/distributed-storage/internal/grpcserver/storage_server.go:99.2,99.71 1 1
github.com/Sameetpatro/NimbusFS/distributed-storage/internal/grpcserver/storage_server.go:99.71,101.28 2 1
github.com/Sameetpatro/NimbusFS/distributed-storage/internal/grpcserver/storage_server.go:101.28,103.4 1 1
github.com/Sameetpatro/NimbusFS/distributed-storage/internal/grpcserver/storage_server.go:104.3,106.18 1 1
github.com/Sameetpatro/NimbusFS/distributed-storage/internal/grpcserver/storage_server.go:106.18,108.4 1 0
github.com/Sameetpatro/NimbusFS/distributed-storage/internal/grpcserver/storage_server.go:110.2,110.12 1 1
github.com/Sameetpatro/NimbusFS/distributed-storage/internal/grpcserver/storage_server.go:114.137,115.57 1 1
github.com/Sameetpatro/NimbusFS/distributed-storage/internal/grpcserver/storage_server.go:115.57,117.3 1 0
github.com/Sameetpatro/NimbusFS/distributed-storage/internal/grpcserver/storage_server.go:118.2,118.59 1 1
github.com/Sameetpatro/NimbusFS/distributed-storage/internal/grpcserver/storage_server.go:122.131,126.2 3 0
github.com/Sameetpatro/NimbusFS/distributed-storage/internal/grpcserver/storage_server.go:129.146,130.29 1 0
github.com/Sameetpatro/NimbusFS/distributed-storage/internal/grpcserver/storage_server.go:130.29,132.3 1 0
github.com/Sameetpatro/NimbusFS/distributed-storage/internal/grpcserver/storage_server.go:134.2,138.16 4 0
github.com/Sameetpatro/NimbusFS/distributed-storage/internal/grpcserver/storage_server.go:138.16,140.3 1 0
github.com/Sameetpatro/NimbusFS/distributed-storage/internal/grpcserver/storage_server.go:141.2,148.16 4 0
github.com/Sameetpatro/NimbusFS/distributed-storage/internal/grpcserver/storage_server.go:148.16,150.3 1 0
github.com/Sameetpatro/NimbusFS/distributed-storage/internal/grpcserver/storage_server.go:152.2,154.6 3 0
github.com/Sameetpatro/NimbusFS/distributed-storage/internal/grpcserver/storage_server.go:154.6,156.20 2 0
github.com/Sameetpatro/NimbusFS/distributed-storage/internal/grpcserver/storage_server.go:156.20,157.9 1 0
github.com/Sameetpatro/NimbusFS/distributed-storage/internal/grpcserver/storage_server.go:159.3,159.17 1 0
github.com/Sameetpatro/NimbusFS/distributed-storage/internal/grpcserver/storage_server.go:159.17,161.4 1 0
github.com/Sameetpatro/NimbusFS/distributed-storage/internal/grpcserver/storage_server.go:162.3,162.35 1 0
github.com/Sameetpatro/NimbusFS/distributed-storage/internal/grpcserver/storage_server.go:163.50,164.21 1 0
github.com/Sameetpatro/NimbusFS/distributed-storage/internal/grpcserver/storage_server.go:165.46,166.34 1 0
github.com/Sameetpatro/NimbusFS/distributed-storage/internal/grpcserver/storage_server.go:170.2,170.17 1 0
github.com/Sameetpatro/NimbusFS/distributed-storage/internal/grpcserver/storage_server.go:170.17,172.3 1 0
github.com/Sameetpatro/NimbusFS/distributed-storage/internal/grpcserver/storage_server.go:174.2,181.50 2 0
github.com/Sameetpatro/NimbusFS/distributed-storage/internal/grpcserver/storage_server.go:181.50,183.3 1 0
github.com/Sameetpatro/NimbusFS/distributed-storage/internal/grpcserver/storage_server.go:185.2,185.62 1 0
github.com/Sameetpatro/NimbusFS/distributed-storage/internal/grpcserver/tls.go:12.60,13.19 1 1
github.com/Sameetpatro/NimbusFS/distributed-storage/internal/grpcserver/tls.go:13.19,15.3 1 1
github.com/Sameetpatro/NimbusFS/distributed-storage/internal/grpcserver/tls.go:16.2,16.68 1 1
github.com/Sameetpatro/NimbusFS/distributed-storage/internal/grpcserver/tls.go:20.53,21.17 1 1
github.com/Sameetpatro/NimbusFS/distributed-storage/internal/grpcserver/tls.go:21.17,23.3 1 1
github.com/Sameetpatro/NimbusFS/distributed-storage/internal/grpcserver/tls.go:24.2,29.3 1 1
github.com/Sameetpatro/NimbusFS/distributed-storage/internal/heartbeat/monitor.go:39.12,51.2 2 1
github.com/Sameetpatro/NimbusFS/distributed-storage/internal/heartbeat/monitor.go:54.44,58.6 3 0
github.com/Sameetpatro/NimbusFS/distributed-storage/internal/heartbeat/monitor.go:58.6,59.10 1 0
github.com/Sameetpatro/NimbusFS/distributed-storage/internal/heartbeat/monitor.go:60.21,61.10 1 0
github.com/Sameetpatro/NimbusFS/distributed-storage/internal/heartbeat/monitor.go:62.19,63.15 1 0
github.com/Sameetpatro/NimbusFS/distributed-storage/internal/heartbeat/monitor.go:69.49,71.2 1 1
github.com/Sameetpatro/NimbusFS/distributed-storage/internal/heartbeat/monitor.go:73.45,77.29 3 1
github.com/Sameetpatro/NimbusFS/distributed-storage/internal/heartbeat/monitor.go:77.29,78.34 1 1
github.com/Sameetpatro/NimbusFS/distributed-storage/internal/heartbeat/monitor.go:78.34,79.12 1 0
github.com/Sameetpatro/NimbusFS/distributed-storage/internal/heartbeat/monitor.go:82.3,83.10 2 1
github.com/Sameetpatro/NimbusFS/distributed-storage/internal/heartbeat/monitor.go:84.28,85.40 1 1
github.com/Sameetpatro/NimbusFS/distributed-storage/internal/heartbeat/monitor.go:85.40,87.12 2 1
github.com/Sameetpatro/NimbusFS/distributed-storage/internal/heartbeat/monitor.go:88.34,88.34 0 1
github.com/Sameetpatro/NimbusFS/distributed-storage/internal/heartbeat/monitor.go:89.13,90.60 1 0
github.com/Sameetpatro/NimbusFS/distributed-storage/internal/heartbeat/monitor.go:93.31,94.39 1 0
github.com/Sameetpatro/NimbusFS/distributed-storage/internal/heartbeat/sender.go:31.138,40.2 1 0
github.com/Sameetpatro/NimbusFS/distributed-storage/internal/heartbeat/sender.go:43.51,46.6 2 0
github.com/Sameetpatro/NimbusFS/distributed-storage/internal/heartbeat/sender.go:46.6,47.35 1 0
github.com/Sameetpatro/NimbusFS/distributed-storage/internal/heartbeat/sender.go:47.35,49.4 1 0
github.com/Sameetpatro/NimbusFS/distributed-storage/internal/heartbeat/sender.go:51.3,52.17 2 0
github.com/Sameetpatro/NimbusFS/distributed-storage/internal/heartbeat/sender.go:52.17,54.11 2 0
github.com/Sameetpatro/NimbusFS/distributed-storage/internal/heartbeat/sender.go:55.22,56.21 1 0
github.com/Sameetpatro/NimbusFS/distributed-storage/internal/heartbeat/sender.go:57.31,57.31 0 0
github.com/Sameetpatro/NimbusFS/distributed-storage/internal/heartbeat/sender.go:59.4,60.28 2 0
github.com/Sameetpatro/NimbusFS/distributed-storage/internal/heartbeat/sender.go:60.28,62.5 1 0
github.com/Sameetpatro/NimbusFS/distributed-storage/internal/heartbeat/sender.go:63.4,63.12 1 0
github.com/Sameetpatro/NimbusFS/distributed-storage/internal/heartbeat/sender.go:65.3,67.74 2 0
github.com/Sameetpatro/NimbusFS/distributed-storage/internal/heartbeat/sender.go:67.74,69.4 1 0
github.com/Sameetpatro/NimbusFS/distributed-storage/internal/heartbeat/sender.go:70.3,70.19 1 0
github.com/Sameetpatro/NimbusFS/distributed-storage/internal/heartbeat/sender.go:74.106,80.16 5 0
github.com/Sameetpatro/NimbusFS/distributed-storage/internal/heartbeat/sender.go:80.16,82.3 1 0
github.com/Sameetpatro/NimbusFS/distributed-storage/internal/heartbeat/sender.go:83.2,83.57 1 0
github.com/Sameetpatro/NimbusFS/distributed-storage/internal/heartbeat/sender.go:86.96,90.6 3 0
github.com/Sameetpatro/NimbusFS/distributed-storage/internal/heartbeat/sender.go:90.6,91.10 1 0
github.com/Sameetpatro/NimbusFS/distributed-storage/internal/heartbeat/sender.go:92.21,93.20 1 0
github.com/Sameetpatro/NimbusFS/distributed-storage/internal/heartbeat/sender.go:94.19,108.18 7 0
github.com/Sameetpatro/NimbusFS/distributed-storage/internal/heartbeat/sender.go:108.18,110.5 1 0
github.com/Sameetpatro/NimbusFS/distributed-storage/internal/heartbeat/sender.go:116.149,119.6 2 0
github.com/Sameetpatro/NimbusFS/distributed-storage/internal/heartbeat/sender.go:119.6,120.35 1 0
github.com/Sameetpatro/NimbusFS/distributed-storage/internal/heartbeat/sender.go:120.35,122.4 1 0
github.com/Sameetpatro/NimbusFS/distributed-storage/internal/heartbeat/sender.go:124.3,128.17 5 0
github.com/Sameetpatro/NimbusFS/distributed-storage/internal/heartbeat/sender.go:128.17,130.11 2 0
github.com/Sameetpatro/NimbusFS/distributed-storage/internal/heartbeat/sender.go:131.22,132.21 1 0
github.com/Sameetpatro/NimbusFS/distributed-storage/internal/heartbeat/sender.go:133.31,133.31 0 0
github.com/Sameetpatro/NimbusFS/distributed-storage/internal/heartbeat/sender.go:135.4,136.28 2 0
github.com/Sameetpatro/NimbusFS/distributed-storage/internal/heartbeat/sender.go:136.28,138.5 1 0
github.com/Sameetpatro/NimbusFS/distributed-storage/internal/heartbeat/sender.go:139.4,139.12 1 0
github.com/Sameetpatro/NimbusFS/distributed-storage/internal/heartbeat/sender.go:142.3,152.17 6 0
github.com/Sameetpatro/NimbusFS/distributed-storage/internal/heartbeat/sender.go:152.17,154.11 2 0
github.com/Sameetpatro/NimbusFS/distributed-storage/internal/heartbeat/sender.go:155.22,156.21 1 0
github.com/Sameetpatro/NimbusFS/distributed-storage/internal/heartbeat/sender.go:157.31,157.31 0 0
github.com/Sameetpatro/NimbusFS/distributed-storage/internal/heartbeat/sender.go:159.4,160.28 2 0
github.com/Sameetpatro/NimbusFS/distributed-storage/internal/heartbeat/sender.go:160.28,162.5 1 0
github.com/Sameetpatro/NimbusFS/distributed-storage/internal/heartbeat/sender.go:163.4,163.12 1 0
github.com/Sameetpatro/NimbusFS/distributed-storage/internal/heartbeat/sender.go:166.3,166.21 1 0
github.com/Sameetpatro/NimbusFS/distributed-storage/internal/heartbeat/sender.go:166.21,168.4 1 0
github.com/Sameetpatro/NimbusFS/distributed-storage/internal/heartbeat/sender.go:170.3,171.13 2 0
github.com/Sameetpatro/NimbusFS/distributed-storage/internal/logger/logger.go:19.32,30.2 3 1
github.com/Sameetpatro/NimbusFS/distributed-storage/internal/logger/logger.go:33.55,37.2 3 0
github.com/Sameetpatro/NimbusFS/distributed-storage/internal/logger/logger.go:40.42,41.51 1 1
github.com/Sameetpatro/NimbusFS/distributed-storage/internal/logger/logger.go:42.15,43.25 1 1
github.com/Sameetpatro/NimbusFS/distributed-storage/internal/logger/logger.go:44.25,45.24 1 0
github.com/Sameetpatro/NimbusFS/distributed-storage/internal/logger/logger.go:46.15,47.25 1 1
github.com/Sameetpatro/NimbusFS/distributed-storage/internal/logger/logger.go:48.10,50.24 1 0
github.com/Sameetpatro/NimbusFS/distributed-storage/internal/logger/logger.go:55.58,57.2 1 1
github.com/Sameetpatro/NimbusFS/distributed-storage/internal/logger/logger.go:60.52,62.2 1 1
github.com/Sameetpatro/NimbusFS/distributed-storage/internal/logger/logger.go:65.65,66.43 1 0
github.com/Sameetpatro/NimbusFS/distributed-storage/internal/logger/logger.go:66.43,67.32 1 0
github.com/Sameetpatro/NimbusFS/distributed-storage/internal/logger/logger.go:67.32,69.4 1 0
github.com/Sameetpatro/NimbusFS/distributed-storage/internal/logger/logger.go:71.2,71.17 1 0
github.com/Sameetpatro/NimbusFS/distributed-storage/internal/logger/logger.go:75.64,77.2 1 0
github.com/Sameetpatro/NimbusFS/distributed-storage/internal/metadata/bolt.go:29.55,30.52 1 1
github.com/Sameetpatro/NimbusFS/distributed-storage/internal/metadata/bolt.go:30.52,32.3 1 0
github.com/Sameetpatro/NimbusFS/distributed-storage/internal/metadata/bolt.go:34.2,36.16 3 1
github.com/Sameetpatro/NimbusFS/distributed-storage/internal/metadata/bolt.go:36.16,38.3 1 0
github.com/Sameetpatro/NimbusFS/distributed-storage/internal/metadata/bolt.go:40.2,40.46 1 1
github.com/Sameetpatro/NimbusFS/distributed-storage/internal/metadata/bolt.go:40.46,41.80 1 1
github.com/Sameetpatro/NimbusFS/distributed-storage/internal/metadata/bolt.go:41.80,42.62 1 1
github.com/Sameetpatro/NimbusFS/distributed-storage/internal/metadata/bolt.go:42.62,44.5 1 0
github.com/Sameetpatro/NimbusFS/distributed-storage/internal/metadata/bolt.go:46.3,46.13 1 1
github.com/Sameetpatro/NimbusFS/distributed-storage/internal/metadata/bolt.go:47.17,50.3 2 0
github.com/Sameetpatro/NimbusFS/distributed-storage/internal/metadata/bolt.go:52.2,52.32 1 1
github.com/Sameetpatro/NimbusFS/distributed-storage/internal/metadata/bolt.go:56.84,57.34 1 1
github.com/Sameetpatro/NimbusFS/distributed-storage/internal/metadata/bolt.go:57.34,59.3 1 0
github.com/Sameetpatro/NimbusFS/distributed-storage/internal/metadata/bolt.go:61.2,62.16 2 1
github.com/Sameetpatro/NimbusFS/distributed-storage/internal/metadata/bolt.go:62.16,64.3 1 0
github.com/Sameetpatro/NimbusFS/distributed-storage/internal/metadata/bolt.go:66.2,66.45 1 1
github.com/Sameetpatro/NimbusFS/distributed-storage/internal/metadata/bolt.go:66.45,67.79 1 1
github.com/Sameetpatro/NimbusFS/distributed-storage/internal/metadata/bolt.go:67.79,69.4 1 0
github.com/Sameetpatro/NimbusFS/distributed-storage/internal/metadata/bolt.go:71.3,71.88 1 1
github.com/Sameetpatro/NimbusFS/distributed-storage/internal/metadata/bolt.go:76.95,77.34 1 1
github.com/Sameetpatro/NimbusFS/distributed-storage/internal/metadata/bolt.go:77.34,79.3 1 0
github.com/Sameetpatro/NimbusFS/distributed-storage/internal/metadata/bolt.go:81.2,82.43 2 1
github.com/Sameetpatro/NimbusFS/distributed-storage/internal/metadata/bolt.go:82.43,84.17 2 1
github.com/Sameetpatro/NimbusFS/distributed-storage/internal/metadata/bolt.go:84.17,86.4 1 1
github.com/Sameetpatro/NimbusFS/distributed-storage/internal/metadata/bolt.go:87.3,87.36 1 1
github.com/Sameetpatro/NimbusFS/distributed-storage/internal/metadata/bolt.go:89.2,89.16 1 1
github.com/Sameetpatro/NimbusFS/distributed-storage/internal/metadata/bolt.go:89.16,91.3 1 1
github.com/Sameetpatro/NimbusFS/distributed-storage/internal/metadata/bolt.go:92.2,92.19 1 1
github.com/Sameetpatro/NimbusFS/distributed-storage/internal/metadata/bolt.go:96.74,97.34 1 1
github.com/Sameetpatro/NimbusFS/distributed-storage/internal/metadata/bolt.go:97.34,99.3 1 0
github.com/Sameetpatro/NimbusFS/distributed-storage/internal/metadata/bolt.go:101.2,101.45 1 1
github.com/Sameetpatro/NimbusFS/distributed-storage/internal/metadata/bolt.go:101.45,104.17 3 1
github.com/Sameetpatro/NimbusFS/distributed-storage/internal/metadata/bolt.go:104.17,106.4 1 0
github.com/Sameetpatro/NimbusFS/distributed-storage/internal/metadata/bolt.go:107.3,108.52 2 1
github.com/Sameetpatro/NimbusFS/distributed-storage/internal/metadata/bolt.go:108.52,110.4 1 0
github.com/Sameetpatro/NimbusFS/distributed-storage/internal/metadata/bolt.go:111.3,111.54 1 1
github.com/Sameetpatro/NimbusFS/distributed-storage/internal/metadata/bolt.go:111.54,113.4 1 0
github.com/Sameetpatro/NimbusFS/distributed-storage/internal/metadata/bolt.go:114.3,114.70 1 1
github.com/Sameetpatro/NimbusFS/distributed-storage/internal/metadata/bolt.go:119.84,120.34 1 1
github.com/Sameetpatro/NimbusFS/distributed-storage/internal/metadata/bolt.go:120.34,122.3 1 0
github.com/Sameetpatro/NimbusFS/distributed-storage/internal/metadata/bolt.go:124.2,125.43 2 1
github.com/Sameetpatro/NimbusFS/distributed-storage/internal/metadata/bolt.go:125.43,126.65 1 1
github.com/Sameetpatro/NimbusFS/distributed-storage/internal/metadata/bolt.go:126.65,128.51 2 1
github.com/Sameetpatro/NimbusFS/distributed-storage/internal/metadata/bolt.go:128.51,130.5 1 0
github.com/Sameetpatro/NimbusFS/distributed-storage/internal/metadata/bolt.go:131.4,133.14 3 1
github.com/Sameetpatro/NimbusFS/distributed-storage/internal/metadata/bolt.go:136.2,136.16 1 1
github.com/Sameetpatro/NimbusFS/distributed-storage/internal/metadata/bolt.go:136.16,138.3 1 0
github.com/Sameetpatro/NimbusFS/distributed-storage/internal/metadata/bolt.go:139.2,139.17 1 1
github.com/Sameetpatro/NimbusFS/distributed-storage/internal/metadata/bolt.go:143.107,144.34 1 1
github.com/Sameetpatro/NimbusFS/distributed-storage/internal/metadata/bolt.go:144.34,146.3 1 0
github.com/Sameetpatro/NimbusFS/distributed-storage/internal/metadata/bolt.go:148.2,148.45 1 1
github.com/Sameetpatro/NimbusFS/distributed-storage/internal/metadata/bolt.go:148.45,151.17 3 1
github.com/Sameetpatro/NimbusFS/distributed-storage/internal/metadata/bolt.go:151.17,153.4 1 0
github.com/Sameetpatro/NimbusFS/distributed-storage/internal/metadata/bolt.go:154.3,155.52 2 1
github.com/Sameetpatro/NimbusFS/distributed-storage/internal/metadata/bolt.go:155.52,157.4 1 0
github.com/Sameetpatro/NimbusFS/distributed-storage/internal/metadata/bolt.go:159.3,160.30 2 1
github.com/Sameetpatro/NimbusFS/distributed-storage/internal/metadata/bolt.go:160.30,161.41 1 1
github.com/Sameetpatro/NimbusFS/distributed-storage/internal/metadata/bolt.go:161.41,164.10 3 1
github.com/Sameetpatro/NimbusFS/distributed-storage/internal/metadata/bolt.go:167.3,167.13 1 1
github.com/Sameetpatro/NimbusFS/distributed-storage/internal/metadata/bolt.go:167.13,169.4 1 0
github.com/Sameetpatro/NimbusFS/distributed-storage/internal/metadata/bolt.go:171.3,172.17 2 1
github.com/Sameetpatro/NimbusFS/distributed-storage/internal/metadata/bolt.go:172.17,174.4 1 0
github.com/Sameetpatro/NimbusFS/distributed-storage/internal/metadata/bolt.go:175.3,175.41 1 1
github.com/Sameetpatro/NimbusFS/distributed-storage/internal/metadata/bolt.go:180.83,181.34 1 1
github.com/Sameetpatro/NimbusFS/distributed-storage/internal/metadata/bolt.go:181.34,183.3 1 0
github.com/Sameetpatro/NimbusFS/distributed-storage/internal/metadata/bolt.go:185.2,186.16 2 1
github.com/Sameetpatro/NimbusFS/distributed-storage/internal/metadata/bolt.go:186.16,188.3 1 0
github.com/Sameetpatro/NimbusFS/distributed-storage/internal/metadata/bolt.go:190.2,190.45 1 1
github.com/Sameetpatro/NimbusFS/distributed-storage/internal/metadata/bolt.go:190.45,192.3 1 1
github.com/Sameetpatro/NimbusFS/distributed-storage/internal/metadata/bolt.go:196.83,197.34 1 1
github.com/Sameetpatro/NimbusFS/distributed-storage/internal/metadata/bolt.go:197.34,199.3 1 0
github.com/Sameetpatro/NimbusFS/distributed-storage/internal/metadata/bolt.go:201.2,202.43 2 1
github.com/Sameetpatro/NimbusFS/distributed-storage/internal/metadata/bolt.go:202.43,203.65 1 1
github.com/Sameetpatro/NimbusFS/distributed-storage/internal/metadata/bolt.go:203.65,205.51 2 1
github.com/Sameetpatro/NimbusFS/distributed-storage/internal/metadata/bolt.go:205.51,207.5 1 0
github.com/Sameetpatro/NimbusFS/distributed-storage/internal/metadata/bolt.go:208.4,210.14 3 1
github.com/Sameetpatro/NimbusFS/distributed-storage/internal/metadata/bolt.go:213.2,213.16 1 1
github.com/Sameetpatro/NimbusFS/distributed-storage/internal/metadata/bolt.go:213.16,215.3 1 0
github.com/Sameetpatro/NimbusFS/distributed-storage/internal/metadata/bolt.go:216.2,216.17 1 1
github.com/Sameetpatro/NimbusFS/distributed-storage/internal/metadata/bolt.go:220.35,222.2 1 1
github.com/Sameetpatro/NimbusFS/distributed-storage/internal/observability/metrics.go:29.28,31.2 1 0
github.com/Sameetpatro/NimbusFS/distributed-storage/internal/observability/metrics.go:34.67,75.2 2 1
github.com/Sameetpatro/NimbusFS/distributed-storage/internal/observability/metrics.go:78.52,79.30 1 1
github.com/Sameetpatro/NimbusFS/distributed-storage/internal/observability/metrics.go:79.30,83.3 3 1
github.com/Sameetpatro/NimbusFS/distributed-storage/internal/observability/metrics.go:87.65,88.34 1 1
github.com/Sameetpatro/NimbusFS/distributed-storage/internal/observability/metrics.go:88.34,92.3 3 1
github.com/Sameetpatro/NimbusFS/distributed-storage/internal/observability/metrics.go:96.70,98.2 1 1
github.com/Sameetpatro/NimbusFS/distributed-storage/internal/observability/metrics.go:100.51,101.11 1 1
github.com/Sameetpatro/NimbusFS/distributed-storage/internal/observability/metrics.go:102.30,103.11 1 1
github.com/Sameetpatro/NimbusFS/distributed-storage/internal/observability/metrics.go:104.32,105.13 1 0
github.com/Sameetpatro/NimbusFS/distributed-storage/internal/observability/metrics.go:106.29,107.11 1 0
github.com/Sameetpatro/NimbusFS/distributed-storage/internal/observability/metrics.go:108.10,109.11 1 0
github.com/Sameetpatro/NimbusFS/distributed-storage/internal/observability/metrics.go:113.46,116.2 2 1
github.com/Sameetpatro/NimbusFS/distributed-storage/internal/observability/metrics.go:118.48,121.2 2 1
github.com/Sameetpatro/NimbusFS/distributed-storage/internal/observability/metrics.go:123.35,125.2 1 1
github.com/Sameetpatro/NimbusFS/distributed-storage/internal/observability/metrics.go:127.34,129.2 1 0
github.com/Sameetpatro/NimbusFS/distributed-storage/internal/observability/storage_metrics.go:12.76,18.12 2 0
github.com/Sameetpatro/NimbusFS/distributed-storage/internal/observability/storage_metrics.go:18.12,20.22 2 0
github.com/Sameetpatro/NimbusFS/distributed-storage/internal/observability/storage_metrics.go:20.22,22.18 2 0
github.com/Sameetpatro/NimbusFS/distributed-storage/internal/observability/storage_metrics.go:22.18,24.5 1 0
github.com/Sameetpatro/NimbusFS/distributed-storage/internal/registry/registry.go:18.26,22.2 1 1
github.com/Sameetpatro/NimbusFS/distributed-storage/internal/registry/registry.go:25.59,29.46 3 1
github.com/Sameetpatro/NimbusFS/distributed-storage/internal/registry/registry.go:29.46,30.88 1 1
github.com/Sameetpatro/NimbusFS/distributed-storage/internal/registry/registry.go:30.88,32.4 1 1
github.com/Sameetpatro/NimbusFS/distributed-storage/internal/registry/registry.go:34.2,35.28 2 1
github.com/Sameetpatro/NimbusFS/distributed-storage/internal/registry/registry.go:39.95,44.9 4 1
github.com/Sameetpatro/NimbusFS/distributed-storage/internal/registry/registry.go:44.9,46.3 1 0
github.com/Sameetpatro/NimbusFS/distributed-storage/internal/registry/registry.go:47.2,52.13 6 1
github.com/Sameetpatro/NimbusFS/distributed-storage/internal/registry/registry.go:56.71,61.9 4 1
github.com/Sameetpatro/NimbusFS/distributed-storage/internal/registry/registry.go:61.9,63.3 1 0
github.com/Sameetpatro/NimbusFS/distributed-storage/internal/registry/registry.go:64.2,65.18 2 1
github.com/Sameetpatro/NimbusFS/distributed-storage/internal/registry/registry.go:69.53,74.31 4 1
github.com/Sameetpatro/NimbusFS/distributed-storage/internal/registry/registry.go:74.31,77.3 2 1
github.com/Sameetpatro/NimbusFS/distributed-storage/internal/registry/registry.go:78.2,78.12 1 1
github.com/Sameetpatro/NimbusFS/distributed-storage/internal/registry/registry.go:82.58,87.31 4 1
github.com/Sameetpatro/NimbusFS/distributed-storage/internal/registry/registry.go:87.31,88.44 1 1
github.com/Sameetpatro/NimbusFS/distributed-storage/internal/registry/registry.go:88.44,91.4 2 1
github.com/Sameetpatro/NimbusFS/distributed-storage/internal/registry/registry.go:93.2,93.12 1 1
github.com/Sameetpatro/NimbusFS/distributed-storage/internal/registry/registry.go:97.51,101.77 3 1
github.com/Sameetpatro/NimbusFS/distributed-storage/internal/registry/registry.go:101.77,103.3 1 1
github.com/Sameetpatro/NimbusFS/distributed-storage/internal/registry/registry.go:107.53,112.49 4 1
github.com/Sameetpatro/NimbusFS/distributed-storage/internal/registry/registry.go:112.49,114.3 1 1
github.com/Sameetpatro/NimbusFS/distributed-storage/internal/registry/registry.go:115.2,116.13 2 1
github.com/Sameetpatro/NimbusFS/distributed-storage/internal/registry/registry.go:120.65,125.9 4 1
github.com/Sameetpatro/NimbusFS/distributed-storage/internal/registry/registry.go:125.9,127.3 1 0
github.com/Sameetpatro/NimbusFS/distributed-storage/internal/registry/registry.go:128.2,128.27 1 1
github.com/Sameetpatro/NimbusFS/distributed-storage/internal/replication/manager.go:41.43,43.2 1 0
github.com/Sameetpatro/NimbusFS/distributed-storage/internal/replication/manager.go:46.44,48.2 1 1
github.com/Sameetpatro/NimbusFS/distributed-storage/internal/replication/manager.go:51.98,53.16 2 1
github.com/Sameetpatro/NimbusFS/distributed-storage/internal/replication/manager.go:53.16,55.3 1 0
github.com/Sameetpatro/NimbusFS/distributed-storage/internal/replication/manager.go:57.2,61.29 4 1
github.com/Sameetpatro/NimbusFS/distributed-storage/internal/replication/manager.go:61.29,64.21 3 1
github.com/Sameetpatro/NimbusFS/distributed-storage/internal/replication/manager.go:64.21,66.17 2 1
github.com/Sameetpatro/NimbusFS/distributed-storage/internal/replication/manager.go:66.17,66.26 1 1
github.com/Sameetpatro/NimbusFS/distributed-storage/internal/replication/manager.go:67.4,67.47 1 1
github.com/Sameetpatro/NimbusFS/distributed-storage/internal/replication/manager.go:71.2,71.33 1 1
github.com/Sameetpatro/NimbusFS/distributed-storage/internal/replication/manager.go:71.33,73.3 1 0
github.com/Sameetpatro/NimbusFS/distributed-storage/internal/replication/manager.go:74.2,74.21 1 1
github.com/Sameetpatro/NimbusFS/distributed-storage/internal/replication/manager.go:78.117,80.38 2 1
github.com/Sameetpatro/NimbusFS/distributed-storage/internal/replication/manager.go:80.38,82.50 2 1
github.com/Sameetpatro/NimbusFS/distributed-storage/internal/replication/manager.go:82.50,83.12 1 0
github.com/Sameetpatro/NimbusFS/distributed-storage/internal/replication/manager.go:85.3,86.17 2 1
github.com/Sameetpatro/NimbusFS/distributed-storage/internal/replication/manager.go:86.17,88.12 2 0
github.com/Sameetpatro/NimbusFS/distributed-storage/internal/replication/manager.go:90.3,90.74 1 1
github.com/Sameetpatro/NimbusFS/distributed-storage/internal/replication/manager.go:90.74,92.12 2 0
github.com/Sameetpatro/NimbusFS/distributed-storage/internal/replication/manager.go:94.3,94.19 1 1
github.com/Sameetpatro/NimbusFS/distributed-storage/internal/replication/manager.go:96.2,96.20 1 0
github.com/Sameetpatro/NimbusFS/distributed-storage/internal/replication/manager.go:96.20,98.3 1 0
github.com/Sameetpatro/NimbusFS/distributed-storage/internal/replication/manager.go:99.2,99.43 1 0
github.com/Sameetpatro/NimbusFS/distributed-storage/internal/replication/manager.go:103.108,105.33 2 1
github.com/Sameetpatro/NimbusFS/distributed-storage/internal/replication/manager.go:105.33,107.21 2 1
github.com/Sameetpatro/NimbusFS/distributed-storage/internal/replication/manager.go:107.21,109.11 2 1
github.com/Sameetpatro/NimbusFS/distributed-storage/internal/replication/manager.go:109.11,111.5 1 0
github.com/Sameetpatro/NimbusFS/distributed-storage/internal/replication/manager.go:112.4,116.18 4 1
github.com/Sameetpatro/NimbusFS/distributed-storage/internal/replication/manager.go:116.18,118.5 1 0
github.com/Sameetpatro/NimbusFS/distributed-storage/internal/replication/manager.go:119.4,123.14 2 1
github.com/Sameetpatro/NimbusFS/distributed-storage/internal/replication/manager.go:126.2,126.17 1 1
github.com/Sameetpatro/NimbusFS/distributed-storage/internal/replication/manager.go:129.111,136.2 2 1
github.com/Sameetpatro/NimbusFS/distributed-storage/internal/replication/manager.go:139.149,148.2 1 1
github.com/Sameetpatro/NimbusFS/distributed-storage/internal/replication/manager.go:151.78,152.6 1 0
github.com/Sameetpatro/NimbusFS/distributed-storage/internal/replication/manager.go:152.6,153.10 1 0
github.com/Sameetpatro/NimbusFS/distributed-storage/internal/replication/manager.go:154.21,155.10 1 0
github.com/Sameetpatro/NimbusFS/distributed-storage/internal/replication/manager.go:156.31,157.11 1 0
github.com/Sameetpatro/NimbusFS/distributed-storage/internal/replication/manager.go:157.11,159.5 1 0
github.com/Sameetpatro/NimbusFS/distributed-storage/internal/replication/manager.go:161.4,161.45 1 0
github.com/Sameetpatro/NimbusFS/distributed-storage/internal/replication/manager.go:168.77,170.25 2 1
github.com/Sameetpatro/NimbusFS/distributed-storage/internal/replication/manager.go:170.25,172.3 1 1
github.com/Sameetpatro/NimbusFS/distributed-storage/internal/replication/manager.go:174.2,174.45 1 1
github.com/Sameetpatro/NimbusFS/distributed-storage/internal/replication/manager.go:174.45,178.3 3 1
github.com/Sameetpatro/NimbusFS/distributed-storage/internal/replication/manager.go:180.2,182.40 2 1
github.com/Sameetpatro/NimbusFS/distributed-storage/internal/replication/manager.go:182.40,182.75 1 1
github.com/Sameetpatro/NimbusFS/distributed-storage/internal/replication/manager.go:183.2,183.17 1 1
github.com/Sameetpatro/NimbusFS/distributed-storage/internal/replication/manager.go:187.83,192.16 4 1
github.com/Sameetpatro/NimbusFS/distributed-storage/internal/replication/manager.go:192.16,195.3 2 0
github.com/Sameetpatro/NimbusFS/distributed-storage/internal/replication/manager.go:198.2,199.29 2 1
github.com/Sameetpatro/NimbusFS/distributed-storage/internal/replication/manager.go:199.29,200.37 1 1
github.com/Sameetpatro/NimbusFS/distributed-storage/internal/replication/manager.go:200.37,201.48 1 1
github.com/Sameetpatro/NimbusFS/distributed-storage/internal/replication/manager.go:201.48,202.13 1 0
github.com/Sameetpatro/NimbusFS/distributed-storage/internal/replication/manager.go:204.4,205.50 2 1
github.com/Sameetpatro/NimbusFS/distributed-storage/internal/replication/manager.go:205.50,207.75 2 1
github.com/Sameetpatro/NimbusFS/distributed-storage/internal/replication/manager.go:207.75,209.6 1 0
github.com/Sameetpatro/NimbusFS/distributed-storage/internal/replication/manager.go:213.2,215.64 3 1
github.com/Sameetpatro/NimbusFS/distributed-storage/internal/replication/manager.go:218.119,220.16 2 1
github.com/Sameetpatro/NimbusFS/distributed-storage/internal/replication/manager.go:220.16,222.3 1 0
github.com/Sameetpatro/NimbusFS/distributed-storage/internal/replication/manager.go:224.2,225.16 2 1
github.com/Sameetpatro/NimbusFS/distributed-storage/internal/replication/manager.go:225.16,227.3 1 0
github.com/Sameetpatro/NimbusFS/distributed-storage/internal/replication/manager.go:229.2,230.16 2 1
github.com/Sameetpatro/NimbusFS/distributed-storage/internal/replication/manager.go:230.16,232.3 1 0
github.com/Sameetpatro/NimbusFS/distributed-storage/internal/replication/manager.go:235.2,238.34 3 1
github.com/Sameetpatro/NimbusFS/distributed-storage/internal/replication/manager.go:238.34,240.21 2 1
github.com/Sameetpatro/NimbusFS/distributed-storage/internal/replication/manager.go:240.21,242.17 2 1
github.com/Sameetpatro/NimbusFS/distributed-storage/internal/replication/manager.go:242.17,242.26 1 1
github.com/Sameetpatro/NimbusFS/distributed-storage/internal/replication/manager.go:243.4,243.52 1 1
github.com/Sameetpatro/NimbusFS/distributed-storage/internal/replication/manager.go:247.2,247.33 1 1
github.com/Sameetpatro/NimbusFS/distributed-storage/internal/replication/manager.go:247.33,249.3 1 0
github.com/Sameetpatro/NimbusFS/distributed-storage/internal/replication/manager.go:251.2,252.86 2 1
github.com/Sameetpatro/NimbusFS/distributed-storage/internal/replication/manager.go:252.86,254.3 1 0
github.com/Sameetpatro/NimbusFS/distributed-storage/internal/replication/manager.go:255.2,255.12 1 1
github.com/Sameetpatro/NimbusFS/distributed-storage/internal/replication/manager.go:258.103,259.29 1 1
github.com/Sameetpatro/NimbusFS/distributed-storage/internal/replication/manager.go:259.29,260.23 1 1
github.com/Sameetpatro/NimbusFS/distributed-storage/internal/replication/manager.go:260.23,261.12 1 1
github.com/Sameetpatro/NimbusFS/distributed-storage/internal/replication/manager.go:263.3,264.50 2 1
github.com/Sameetpatro/NimbusFS/distributed-storage/internal/replication/manager.go:264.50,266.4 1 1
github.com/Sameetpatro/NimbusFS/distributed-storage/internal/replication/manager.go:268.2,268.54 1 0
github.com/Sameetpatro/NimbusFS/distributed-storage/internal/replication/manager.go:271.121,273.30 2 1
github.com/Sameetpatro/NimbusFS/distributed-storage/internal/replication/manager.go:273.30,274.23 1 1
github.com/Sameetpatro/NimbusFS/distributed-storage/internal/replication/manager.go:274.23,276.4 1 1
github.com/Sameetpatro/NimbusFS/distributed-storage/internal/replication/manager.go:279.2,280.46 2 1
github.com/Sameetpatro/NimbusFS/distributed-storage/internal/replication/manager.go:280.46,281.44 1 1
github.com/Sameetpatro/NimbusFS/distributed-storage/internal/replication/manager.go:281.44,282.12 1 1
github.com/Sameetpatro/NimbusFS/distributed-storage/internal/replication/manager.go:284.3,284.40 1 1
github.com/Sameetpatro/NimbusFS/distributed-storage/internal/replication/manager.go:287.2,287.28 1 1
github.com/Sameetpatro/NimbusFS/distributed-storage/internal/replication/manager.go:287.28,289.3 1 0
github.com/Sameetpatro/NimbusFS/distributed-storage/internal/replication/manager.go:291.2,291.45 1 1
github.com/Sameetpatro/NimbusFS/distributed-storage/internal/replication/manager.go:291.45,293.3 1 0
github.com/Sameetpatro/NimbusFS/distributed-storage/internal/replication/manager.go:294.2,294.31 1 1
github.com/Sameetpatro/NimbusFS/distributed-storage/internal/replication/manager.go:297.119,302.16 4 1
github.com/Sameetpatro/NimbusFS/distributed-storage/internal/replication/manager.go:302.16,304.3 1 0
github.com/Sameetpatro/NimbusFS/distributed-storage/internal/replication/manager.go:306.2,310.16 2 1
github.com/Sameetpatro/NimbusFS/distributed-storage/internal/replication/manager.go:310.16,312.3 1 0
github.com/Sameetpatro/NimbusFS/distributed-storage/internal/replication/manager.go:314.2,315.6 2 1
github.com/Sameetpatro/NimbusFS/distributed-storage/internal/replication/manager.go:315.6,317.20 2 1
github.com/Sameetpatro/NimbusFS/distributed-storage/internal/replication/manager.go:317.20,318.9 1 1
github.com/Sameetpatro/NimbusFS/distributed-storage/internal/replication/manager.go:320.3,320.17 1 1
github.com/Sameetpatro/NimbusFS/distributed-storage/internal/replication/manager.go:320.17,322.4 1 0
github.com/Sameetpatro/NimbusFS/distributed-storage/internal/replication/manager.go:323.3,323.35 1 1
github.com/Sameetpatro/NimbusFS/distributed-storage/internal/replication/manager.go:324.46,325.34 1 1
github.com/Sameetpatro/NimbusFS/distributed-storage/internal/replication/manager.go:328.2,328.18 1 1
github.com/Sameetpatro/NimbusFS/distributed-storage/internal/replication/manager.go:331.136,336.16 4 1
github.com/Sameetpatro/NimbusFS/distributed-storage/internal/replication/manager.go:336.16,338.3 1 0
github.com/Sameetpatro/NimbusFS/distributed-storage/internal/replication/manager.go:340.2,341.16 2 1
github.com/Sameetpatro/NimbusFS/distributed-storage/internal/replication/manager.go:341.16,343.3 1 0
github.com/Sameetpatro/NimbusFS/distributed-storage/internal/replication/manager.go:345.2,355.17 1 1
github.com/Sameetpatro/NimbusFS/distributed-storage/internal/replication/manager.go:355.17,357.3 1 0
github.com/Sameetpatro/NimbusFS/distributed-storage/internal/replication/manager.go:359.2,360.59 2 1
github.com/Sameetpatro/NimbusFS/distributed-storage/internal/replication/manager.go:360.59,362.22 2 1
github.com/Sameetpatro/NimbusFS/distributed-storage/internal/replication/manager.go:362.22,364.4 1 1
github.com/Sameetpatro/NimbusFS/distributed-storage/internal/replication/manager.go:365.3,367.18 1 1
github.com/Sameetpatro/NimbusFS/distributed-storage/internal/replication/manager.go:367.18,369.4 1 0
github.com/Sameetpatro/NimbusFS/distributed-storage/internal/replication/manager.go:372.2,373.12 2 1
github.com/Sameetpatro/NimbusFS/distributed-storage/internal/replication/manager.go:376.53,377.25 1 1
github.com/Sameetpatro/NimbusFS/distributed-storage/internal/replication/manager.go:377.25,378.19 1 1
github.com/Sameetpatro/NimbusFS/distributed-storage/internal/replication/manager.go:378.19,380.4 1 1
github.com/Sameetpatro/NimbusFS/distributed-storage/internal/replication/manager.go:382.2,382.14 1 0
github.com/Sameetpatro/NimbusFS/distributed-storage/internal/replication/manager.go:385.73,388.25 3 1
github.com/Sameetpatro/NimbusFS/distributed-storage/internal/replication/manager.go:388.25,389.19 1 1
github.com/Sameetpatro/NimbusFS/distributed-storage/internal/replication/manager.go:389.19,390.17 1 1
github.com/Sameetpatro/NimbusFS/distributed-storage/internal/replication/manager.go:390.17,393.5 2 1
github.com/Sameetpatro/NimbusFS/distributed-storage/internal/replication/manager.go:394.4,394.12 1 1
github.com/Sameetpatro/NimbusFS/distributed-storage/internal/replication/manager.go:396.3,396.24 1 1
github.com/Sameetpatro/NimbusFS/distributed-storage/internal/replication/manager.go:398.2,398.15 1 1
github.com/Sameetpatro/NimbusFS/distributed-storage/internal/replication/manager.go:398.15,400.3 1 0
github.com/Sameetpatro/NimbusFS/distributed-storage/internal/replication/manager.go:401.2,401.12 1 1
github.com/Sameetpatro/NimbusFS/distributed-storage/internal/storage/store.go:24.55,25.52 1 1
github.com/Sameetpatro/NimbusFS/distributed-storage/internal/storage/store.go:25.52,27.3 1 0
github.com/Sameetpatro/NimbusFS/distributed-storage/internal/storage/store.go:28.2,28.42 1 1
github.com/Sameetpatro/NimbusFS/distributed-storage/internal/storage/store.go:31.54,33.2 1 1
github.com/Sameetpatro/NimbusFS/distributed-storage/internal/storage/store.go:38.59,45.65 5 1
github.com/Sameetpatro/NimbusFS/distributed-storage/internal/storage/store.go:45.65,47.3 1 0
github.com/Sameetpatro/NimbusFS/distributed-storage/internal/storage/store.go:48.2,48.54 1 1
github.com/Sameetpatro/NimbusFS/distributed-storage/internal/storage/store.go:48.54,51.3 2 0
github.com/Sameetpatro/NimbusFS/distributed-storage/internal/storage/store.go:52.2,52.12 1 1
github.com/Sameetpatro/NimbusFS/distributed-storage/internal/storage/store.go:57.74,62.16 4 1
github.com/Sameetpatro/NimbusFS/distributed-storage/internal/storage/store.go:62.16,64.3 1 1
github.com/Sameetpatro/NimbusFS/distributed-storage/internal/storage/store.go:66.2,74.25 4 1
github.com/Sameetpatro/NimbusFS/distributed-storage/internal/storage/store.go:74.25,77.3 1 0
github.com/Sameetpatro/NimbusFS/distributed-storage/internal/storage/store.go:78.2,78.19 1 1
github.com/Sameetpatro/NimbusFS/distributed-storage/internal/storage/store.go:82.100,84.16 2 0
github.com/Sameetpatro/NimbusFS/distributed-storage/internal/storage/store.go:84.16,86.3 1 0
github.com/Sameetpatro/NimbusFS/distributed-storage/internal/storage/store.go:87.2,87.66 1 0
github.com/Sameetpatro/NimbusFS/distributed-storage/internal/storage/store.go:87.66,89.3 1 0
github.com/Sameetpatro/NimbusFS/distributed-storage/internal/storage/store.go:90.2,90.55 1 0
github.com/Sameetpatro/NimbusFS/distributed-storage/internal/storage/store.go:90.55,92.3 1 0
github.com/Sameetpatro/NimbusFS/distributed-storage/internal/storage/store.go:93.2,93.19 1 0
github.com/Sameetpatro/NimbusFS/distributed-storage/internal/storage/store.go:97.55,102.63 4 1
github.com/Sameetpatro/NimbusFS/distributed-storage/internal/storage/store.go:102.63,104.3 1 0
github.com/Sameetpatro/NimbusFS/distributed-storage/internal/storage/store.go:105.2,105.12 1 1
github.com/Sameetpatro/NimbusFS/distributed-storage/internal/storage/store.go:109.48,111.87 2 0
github.com/Sameetpatro/NimbusFS/distributed-storage/internal/storage/store.go:111.87,112.17 1 0
github.com/Sameetpatro/NimbusFS/distributed-storage/internal/storage/store.go:112.17,114.4 1 0
github.com/Sameetpatro/NimbusFS/distributed-storage/internal/storage/store.go:115.3,115.52 1 0
github.com/Sameetpatro/NimbusFS/distributed-storage/internal/storage/store.go:115.52,117.4 1 0
github.com/Sameetpatro/NimbusFS/distributed-storage/internal/storage/store.go:118.3,118.13 1 0
github.com/Sameetpatro/NimbusFS/distributed-storage/internal/storage/store.go:120.2,120.19 1 0
github.com/Sameetpatro/NimbusFS/distributed-storage/internal/storage/store.go:124.49,126.57 2 0
github.com/Sameetpatro/NimbusFS/distributed-storage/internal/storage/store.go:126.57,128.3 1 0
github.com/Sameetpatro/NimbusFS/distributed-storage/internal/storage/store.go:129.2,129.52 1 0
github.com/Sameetpatro/NimbusFS/distributed-storage/internal/storage/store.go:133.47,135.87 2 0
github.com/Sameetpatro/NimbusFS/distributed-storage/internal/storage/store.go:135.87,136.17 1 0
github.com/Sameetpatro/NimbusFS/distributed-storage/internal/storage/store.go:136.17,138.4 1 0
github.com/Sameetpatro/NimbusFS/distributed-storage/internal/storage/store.go:139.3,139.52 1 0
github.com/Sameetpatro/NimbusFS/distributed-storage/internal/storage/store.go:139.52,141.4 1 0
github.com/Sameetpatro/NimbusFS/distributed-storage/internal/storage/store.go:142.3,142.13 1 0
github.com/Sameetpatro/NimbusFS/distributed-storage/internal/storage/store.go:144.2,144.19 1 0
github.com/Sameetpatro/NimbusFS/distributed-storage/internal/tlsconfig/tls.go:21.67,23.16 2 1
github.com/Sameetpatro/NimbusFS/distributed-storage/internal/tlsconfig/tls.go:23.16,25.3 1 0
github.com/Sameetpatro/NimbusFS/distributed-storage/internal/tlsconfig/tls.go:27.2,28.16 2 1
github.com/Sameetpatro/NimbusFS/distributed-storage/internal/tlsconfig/tls.go:28.16,30.3 1 0
github.com/Sameetpatro/NimbusFS/distributed-storage/internal/tlsconfig/tls.go:32.2,41.40 2 1
github.com/Sameetpatro/NimbusFS/distributed-storage/internal/tlsconfig/tls.go:41.40,43.3 1 0
github.com/Sameetpatro/NimbusFS/distributed-storage/internal/tlsconfig/tls.go:43.8,43.23 1 1
github.com/Sameetpatro/NimbusFS/distributed-storage/internal/tlsconfig/tls.go:43.23,45.3 1 1
github.com/Sameetpatro/NimbusFS/distributed-storage/internal/tlsconfig/tls.go:45.8,47.3 1 0
github.com/Sameetpatro/NimbusFS/distributed-storage/internal/tlsconfig/tls.go:49.2,50.16 2 1
github.com/Sameetpatro/NimbusFS/distributed-storage/internal/tlsconfig/tls.go:50.16,52.3 1 0
github.com/Sameetpatro/NimbusFS/distributed-storage/internal/tlsconfig/tls.go:54.2,57.8 1 1
github.com/Sameetpatro/NimbusFS/distributed-storage/internal/tlsconfig/tls.go:61.71,62.67 1 1
github.com/Sameetpatro/NimbusFS/distributed-storage/internal/tlsconfig/tls.go:62.67,64.3 1 0
github.com/Sameetpatro/NimbusFS/distributed-storage/internal/tlsconfig/tls.go:66.2,66.53 1 1
github.com/Sameetpatro/NimbusFS/distributed-storage/internal/tlsconfig/tls.go:66.53,68.17 2 1
github.com/Sameetpatro/NimbusFS/distributed-storage/internal/tlsconfig/tls.go:68.17,70.4 1 0
github.com/Sameetpatro/NimbusFS/distributed-storage/internal/tlsconfig/tls.go:71.3,71.65 1 1
github.com/Sameetpatro/NimbusFS/distributed-storage/internal/tlsconfig/tls.go:71.65,73.4 1 0
github.com/Sameetpatro/NimbusFS/distributed-storage/internal/tlsconfig/tls.go:76.2,77.16 2 1
github.com/Sameetpatro/NimbusFS/distributed-storage/internal/tlsconfig/tls.go:77.16,79.3 1 0
github.com/Sameetpatro/NimbusFS/distributed-storage/internal/tlsconfig/tls.go:81.2,86.8 1 1
github.com/Sameetpatro/NimbusFS/distributed-storage/internal/tlsconfig/tls.go:90.36,95.2 1 1
github.com/Sameetpatro/NimbusFS/distributed-storage/internal/tlsconfig/tls.go:97.75,98.32 1 1
github.com/Sameetpatro/NimbusFS/distributed-storage/internal/tlsconfig/tls.go:98.32,100.3 1 0
github.com/Sameetpatro/NimbusFS/distributed-storage/internal/tlsconfig/tls.go:102.2,103.63 2 1
github.com/Sameetpatro/NimbusFS/distributed-storage/internal/tlsconfig/tls.go:103.63,105.3 1 0
github.com/Sameetpatro/NimbusFS/distributed-storage/internal/tlsconfig/tls.go:107.2,108.16 2 1
github.com/Sameetpatro/NimbusFS/distributed-storage/internal/tlsconfig/tls.go:108.16,110.3 1 0
github.com/Sameetpatro/NimbusFS/distributed-storage/internal/tlsconfig/tls.go:111.2,112.45 2 1
